#-----------------------------------------------------------
# Vivado v2018.2 (64-bit)
# SW Build 2258646 on Thu Jun 14 20:03:12 MDT 2018
# IP Build 2256618 on Thu Jun 14 22:10:49 MDT 2018
# Start of session at: Tue May 25 18:02:56 2021
# Process ID: 8208
# Current directory: C:/Documents/Sophomore2/Digital_logic_and_digital_system/DLDS/docs/Experiments/Lab2/ALU_4bits
# Command line: vivado.exe -gui_launcher_event rodinguilauncherevent8240 C:\Documents\Sophomore2\Digital_logic_and_digital_system\DLDS\docs\Experiments\Lab2\ALU_4bits\ALU_4bits.xpr
# Log file: C:/Documents/Sophomore2/Digital_logic_and_digital_system/DLDS/docs/Experiments/Lab2/ALU_4bits/vivado.log
# Journal file: C:/Documents/Sophomore2/Digital_logic_and_digital_system/DLDS/docs/Experiments/Lab2/ALU_4bits\vivado.jou
#-----------------------------------------------------------
start_gui
open_project C:/Documents/Sophomore2/Digital_logic_and_digital_system/DLDS/docs/Experiments/Lab2/ALU_4bits/ALU_4bits.xpr
INFO: [ProjectBase 1-489] The host OS only allows 260 characters in a normal path. The project is stored in a path with more than 80 characters. If you experience issues with IP, Block Designs, or files not being found, please consider moving the project to a location with a shorter path. Alternately consider using the OS subst command to map part of the path to a drive letter.
Current project path is 'C:/Documents/Sophomore2/Digital_logic_and_digital_system/DLDS/docs/Experiments/Lab2/ALU_4bits'
Scanning sources...
Finished scanning sources
INFO: [IP_Flow 19-234] Refreshing IP repositories
INFO: [IP_Flow 19-1704] No user IP repositories specified
INFO: [IP_Flow 19-2313] Loaded Vivado IP repository 'C:/Softwares/Vivado2018/Vivado/2018.2/data/ip'.
open_project: Time (s): cpu = 00:00:12 ; elapsed = 00:00:07 . Memory (MB): peak = 858.559 ; gain = 126.316
update_compile_order -fileset sources_1
exit
INFO: [Common 17-206] Exiting Vivado at Tue May 25 18:27:45 2021...
